c:\source\proj.malloc_scaled\intermediate\proj.malloc_scaled\x64\release\win_platform_malloc.obj
c:\source\proj.malloc_scaled\intermediate\proj.malloc_scaled\x64\release\win_dll_main.obj
c:\source\proj.malloc_scaled\intermediate\proj.malloc_scaled\x64\release\vm_block.obj
c:\source\proj.malloc_scaled\intermediate\proj.malloc_scaled\x64\release\unix_platform_malloc.obj
c:\source\proj.malloc_scaled\intermediate\proj.malloc_scaled\x64\release\timer.obj
c:\source\proj.malloc_scaled\intermediate\proj.malloc_scaled\x64\release\mem_allocator.obj
c:\source\proj.malloc_scaled\intermediate\proj.malloc_scaled\x64\release\malloc_scaled.obj
c:\source\proj.malloc_scaled\intermediate\proj.malloc_scaled\x64\release\win_platform_critical_section.obj
c:\source\proj.malloc_scaled\intermediate\proj.malloc_scaled\x64\release\page_malloc.obj
c:\source\proj.malloc_scaled\intermediate\proj.malloc_scaled\x64\release\unix_platform_critical_section.obj
c:\source\proj.malloc_scaled\bin\x64\release\proj.malloc_scaled.dll
c:\source\proj.malloc_scaled\bin\x64\release\proj.malloc_scaled.pdb
c:\source\proj.malloc_scaled\bin\x64\release\proj.malloc_scaled.lib
c:\source\proj.malloc_scaled\bin\x64\release\proj.malloc_scaled.exp
c:\source\proj.malloc_scaled\intermediate\proj.malloc_scaled\x64\release\proj.malloc_scaled.ipdb
c:\source\proj.malloc_scaled\intermediate\proj.malloc_scaled\x64\release\proj.malloc_scaled.iobj
c:\source\proj.malloc_scaled\intermediate\proj.malloc_scaled\x64\release\malloc_stats.obj
c:\source\proj.malloc_scaled\intermediate\proj.malloc_scaled\x64\release\proj.malloc_scaled.vcxproj.filelistabsolute.txt
c:\source\proj.malloc_scaled\intermediate\proj.malloc_scaled\x64\release\proj.mal.69a5ec24.tlog\cl.command.1.tlog
c:\source\proj.malloc_scaled\intermediate\proj.malloc_scaled\x64\release\proj.mal.69a5ec24.tlog\cl.items.tlog
c:\source\proj.malloc_scaled\intermediate\proj.malloc_scaled\x64\release\proj.mal.69a5ec24.tlog\cl.read.1.tlog
c:\source\proj.malloc_scaled\intermediate\proj.malloc_scaled\x64\release\proj.mal.69a5ec24.tlog\cl.write.1.tlog
c:\source\proj.malloc_scaled\intermediate\proj.malloc_scaled\x64\release\proj.mal.69a5ec24.tlog\link.command.1.tlog
c:\source\proj.malloc_scaled\intermediate\proj.malloc_scaled\x64\release\proj.mal.69a5ec24.tlog\link.read.1.tlog
c:\source\proj.malloc_scaled\intermediate\proj.malloc_scaled\x64\release\proj.mal.69a5ec24.tlog\link.secondary.1.tlog
c:\source\proj.malloc_scaled\intermediate\proj.malloc_scaled\x64\release\proj.mal.69a5ec24.tlog\link.write.1.tlog
