c:\source\proj.malloc_scaled\intermediate\proj.malloc_scaled\x64\debug\vc143.pdb
c:\source\proj.malloc_scaled\intermediate\proj.malloc_scaled\x64\debug\vc143.idb
c:\source\proj.malloc_scaled\intermediate\proj.malloc_scaled\x64\debug\win_platform_malloc.obj
c:\source\proj.malloc_scaled\intermediate\proj.malloc_scaled\x64\debug\win_dll_main.obj
c:\source\proj.malloc_scaled\intermediate\proj.malloc_scaled\x64\debug\vm_block.obj
c:\source\proj.malloc_scaled\intermediate\proj.malloc_scaled\x64\debug\unix_platform_malloc.obj
c:\source\proj.malloc_scaled\intermediate\proj.malloc_scaled\x64\debug\timer.obj
c:\source\proj.malloc_scaled\intermediate\proj.malloc_scaled\x64\debug\mem_allocator.obj
c:\source\proj.malloc_scaled\intermediate\proj.malloc_scaled\x64\debug\malloc_scaled.obj
c:\source\proj.malloc_scaled\intermediate\proj.malloc_scaled\x64\debug\win_platform_critical_section.obj
c:\source\proj.malloc_scaled\intermediate\proj.malloc_scaled\x64\debug\unix_platform_critical_section.obj
c:\source\proj.malloc_scaled\bin\x64\debug\proj.malloc_scaled.pdb
c:\source\proj.malloc_scaled\bin\x64\debug\proj.malloc_scaled.idb
c:\source\proj.malloc_scaled\intermediate\proj.malloc_scaled\x64\debug\page_malloc.obj
c:\source\proj.malloc_scaled\bin\x64\debug\proj.malloc_scaled.lib
c:\source\proj.malloc_scaled\bin\x64\debug\proj.malloc_scaled.dll
c:\source\proj.malloc_scaled\bin\x64\debug\proj.malloc_scaled.exp
c:\source\proj.malloc_scaled\intermediate\proj.malloc_scaled\x64\debug\proj.malloc_scaled.ilk
c:\source\proj.malloc_scaled\intermediate\proj.malloc_scaled\x64\debug\malloc_stats.obj
c:\source\proj.malloc_scaled\intermediate\proj.malloc_scaled\x64\debug\proj.malloc_scaled.vcxproj.filelistabsolute.txt
c:\source\proj.malloc_scaled\intermediate\proj.malloc_scaled\x64\debug\proj.mal.69a5ec24.tlog\cl.command.1.tlog
c:\source\proj.malloc_scaled\intermediate\proj.malloc_scaled\x64\debug\proj.mal.69a5ec24.tlog\cl.items.tlog
c:\source\proj.malloc_scaled\intermediate\proj.malloc_scaled\x64\debug\proj.mal.69a5ec24.tlog\cl.read.1.tlog
c:\source\proj.malloc_scaled\intermediate\proj.malloc_scaled\x64\debug\proj.mal.69a5ec24.tlog\cl.write.1.tlog
c:\source\proj.malloc_scaled\intermediate\proj.malloc_scaled\x64\debug\proj.mal.69a5ec24.tlog\lib-link.read.1.tlog
c:\source\proj.malloc_scaled\intermediate\proj.malloc_scaled\x64\debug\proj.mal.69a5ec24.tlog\lib-link.write.1.tlog
c:\source\proj.malloc_scaled\intermediate\proj.malloc_scaled\x64\debug\proj.mal.69a5ec24.tlog\lib.command.1.tlog
c:\source\proj.malloc_scaled\intermediate\proj.malloc_scaled\x64\debug\proj.mal.69a5ec24.tlog\link.command.1.tlog
c:\source\proj.malloc_scaled\intermediate\proj.malloc_scaled\x64\debug\proj.mal.69a5ec24.tlog\link.read.1.tlog
c:\source\proj.malloc_scaled\intermediate\proj.malloc_scaled\x64\debug\proj.mal.69a5ec24.tlog\link.secondary.1.tlog
c:\source\proj.malloc_scaled\intermediate\proj.malloc_scaled\x64\debug\proj.mal.69a5ec24.tlog\link.write.1.tlog
